[    0.000000] Linux version 4.15.0-200-generic (buildd@lcy02-amd64-069) (gcc version 7.5.0 (Ubuntu 7.5.0-3ubuntu1~18.04)) #211-Ubuntu SMP Thu Nov 24 18:16:04 UTC 2022 (Ubuntu 4.15.0-200.211-generic 4.15.18)
[    0.000000] Command line: BOOT_IMAGE=/boot/vmlinuz-4.15.0-200-generic root=LABEL=cloudimg-rootfs ro console=tty1 console=ttyS0
[    0.000000] KERNEL supported cpus:
[    0.000000]   Intel GenuineIntel
[    0.000000]   AMD AuthenticAMD
[    0.000000]   Centaur CentaurHauls
[    0.000000] x86/fpu: Supporting XSAVE feature 0x001: 'x87 floating point registers'
[    0.000000] x86/fpu: Supporting XSAVE feature 0x002: 'SSE registers'
[    0.000000] x86/fpu: Supporting XSAVE feature 0x004: 'AVX registers'
[    0.000000] x86/fpu: xstate_offset[2]:  576, xstate_sizes[2]:  256
[    0.000000] x86/fpu: Enabled xstate features 0x7, context size is 832 bytes, using 'standard' format.
[    0.000000] e820: BIOS-provided physical RAM map:
[    0.000000] BIOS-e820: [mem 0x0000000000000000-0x000000000009fbff] usable
[    0.000000] BIOS-e820: [mem 0x000000000009fc00-0x000000000009ffff] reserved
[    0.000000] BIOS-e820: [mem 0x00000000000f0000-0x00000000000fffff] reserved
[    0.000000] BIOS-e820: [mem 0x0000000000100000-0x000000003ffeffff] usable
[    0.000000] BIOS-e820: [mem 0x000000003fff0000-0x000000003fffffff] ACPI data
[    0.000000] BIOS-e820: [mem 0x00000000fec00000-0x00000000fec00fff] reserved
[    0.000000] BIOS-e820: [mem 0x00000000fee00000-0x00000000fee00fff] reserved
[    0.000000] BIOS-e820: [mem 0x00000000fffc0000-0x00000000ffffffff] reserved
[    0.000000] NX (Execute Disable) protection: active
[    0.000000] SMBIOS 2.5 present.
[    0.000000] DMI: innotek GmbH VirtualBox/VirtualBox, BIOS VirtualBox 12/01/2006
[    0.000000] Hypervisor detected: KVM
[    0.000000] e820: last_pfn = 0x3fff0 max_arch_pfn = 0x400000000
[    0.000000] MTRR: Disabled
[    0.000000] x86/PAT: MTRRs disabled, skipping PAT initialization too.
[    0.000000] CPU MTRRs all blank - virtualized system.
[    0.000000] x86/PAT: Configuration [0-7]: WB  WT  UC- UC  WB  WT  UC- UC  
[    0.000000] found SMP MP-table at [mem 0x0009fff0-0x0009ffff]
[    0.000000] Scanning 1 areas for low memory corruption
[    0.000000] RAMDISK: [mem 0x359c9000-0x36cdbfff]
[    0.000000] ACPI: Early table checksum verification disabled
[    0.000000] ACPI: RSDP 0x00000000000E0000 000024 (v02 VBOX  )
[    0.000000] ACPI: XSDT 0x000000003FFF0030 00003C (v01 VBOX   VBOXXSDT 00000001 ASL  00000061)
[    0.000000] ACPI: FACP 0x000000003FFF00F0 0000F4 (v04 VBOX   VBOXFACP 00000001 ASL  00000061)
[    0.000000] ACPI: DSDT 0x000000003FFF0610 002353 (v02 VBOX   VBOXBIOS 00000002 INTL 20200528)
[    0.000000] ACPI: FACS 0x000000003FFF0200 000040
[    0.000000] ACPI: FACS 0x000000003FFF0200 000040
[    0.000000] ACPI: APIC 0x000000003FFF0240 00005C (v02 VBOX   VBOXAPIC 00000001 ASL  00000061)
[    0.000000] ACPI: SSDT 0x000000003FFF02A0 00036C (v01 VBOX   VBOXCPUT 00000002 INTL 20200528)
[    0.000000] ACPI: Reserving FACP table memory at [mem 0x3fff00f0-0x3fff01e3]
[    0.000000] ACPI: Reserving DSDT table memory at [mem 0x3fff0610-0x3fff2962]
[    0.000000] ACPI: Reserving FACS table memory at [mem 0x3fff0200-0x3fff023f]
[    0.000000] ACPI: Reserving FACS table memory at [mem 0x3fff0200-0x3fff023f]
[    0.000000] ACPI: Reserving APIC table memory at [mem 0x3fff0240-0x3fff029b]
[    0.000000] ACPI: Reserving SSDT table memory at [mem 0x3fff02a0-0x3fff060b]
[    0.000000] No NUMA configuration found
[    0.000000] Faking a node at [mem 0x0000000000000000-0x000000003ffeffff]
[    0.000000] NODE_DATA(0) allocated [mem 0x3ffc5000-0x3ffeffff]
[    0.000000] kvm-clock: cpu 0, msr 0:3ff44001, primary cpu clock
[    0.000000] kvm-clock: Using msrs 4b564d01 and 4b564d00
[    0.000000] kvm-clock: using sched offset of 3605843460 cycles
[    0.000000] clocksource: kvm-clock: mask: 0xffffffffffffffff max_cycles: 0x1cd42e4dffb, max_idle_ns: 881590591483 ns
[    0.000000] Zone ranges:
[    0.000000]   DMA      [mem 0x0000000000001000-0x0000000000ffffff]
[    0.000000]   DMA32    [mem 0x0000000001000000-0x000000003ffeffff]
[    0.000000]   Normal   empty
[    0.000000]   Device   empty
[    0.000000] Movable zone start for each node
[    0.000000] Early memory node ranges
[    0.000000]   node   0: [mem 0x0000000000001000-0x000000000009efff]
[    0.000000]   node   0: [mem 0x0000000000100000-0x000000003ffeffff]
[    0.000000] Reserved but unavailable: 104 pages
[    0.000000] Initmem setup node 0 [mem 0x0000000000001000-0x000000003ffeffff]
[    0.000000] ACPI: PM-Timer IO Port: 0x4008
[    0.000000] IOAPIC[0]: apic_id 2, version 32, address 0xfec00000, GSI 0-23
[    0.000000] ACPI: INT_SRC_OVR (bus 0 bus_irq 0 global_irq 2 dfl dfl)
[    0.000000] ACPI: INT_SRC_OVR (bus 0 bus_irq 9 global_irq 9 low level)
[    0.000000] Using ACPI (MADT) for SMP configuration information
[    0.000000] smpboot: Allowing 2 CPUs, 0 hotplug CPUs
[    0.000000] PM: Registered nosave memory: [mem 0x00000000-0x00000fff]
[    0.000000] PM: Registered nosave memory: [mem 0x0009f000-0x0009ffff]
[    0.000000] PM: Registered nosave memory: [mem 0x000a0000-0x000effff]
[    0.000000] PM: Registered nosave memory: [mem 0x000f0000-0x000fffff]
[    0.000000] e820: [mem 0x40000000-0xfebfffff] available for PCI devices
[    0.000000] Booting paravirtualized kernel on KVM
[    0.000000] clocksource: refined-jiffies: mask: 0xffffffff max_cycles: 0xffffffff, max_idle_ns: 7645519600211568 ns
[    0.000000] setup_percpu: NR_CPUS:8192 nr_cpumask_bits:2 nr_cpu_ids:2 nr_node_ids:1
[    0.000000] percpu: Embedded 50 pages/cpu s167936 r8192 d28672 u1048576
[    0.000000] PV qspinlock hash table entries: 256 (order: 0, 4096 bytes)
[    0.000000] Built 1 zonelists, mobility grouping on.  Total pages: 257913
[    0.000000] Policy zone: DMA32
[    0.000000] Kernel command line: BOOT_IMAGE=/boot/vmlinuz-4.15.0-200-generic root=LABEL=cloudimg-rootfs ro console=tty1 console=ttyS0
[    0.000000] Memory: 982648K/1048120K available (12300K kernel code, 2477K rwdata, 4320K rodata, 2472K init, 2720K bss, 65472K reserved, 0K cma-reserved)
[    0.000000] SLUB: HWalign=64, Order=0-3, MinObjects=0, CPUs=2, Nodes=1
[    0.000000] Kernel/User page tables isolation: enabled
[    0.000000] ftrace: allocating 39478 entries in 155 pages
[    0.004000] Hierarchical RCU implementation.
[    0.004000] 	RCU restricting CPUs from NR_CPUS=8192 to nr_cpu_ids=2.
[    0.004000] 	Tasks RCU enabled.
[    0.004000] RCU: Adjusting geometry for rcu_fanout_leaf=16, nr_cpu_ids=2
[    0.004000] NR_IRQS: 524544, nr_irqs: 440, preallocated irqs: 16
[    0.004000] random: crng init done
[    0.004000] Console: colour VGA+ 80x25
[    0.004000] console [tty1] enabled
[    0.004000] console [ttyS0] enabled
[    0.004000] ACPI: Core revision 20170831
[    0.004000] ACPI: 2 ACPI AML tables successfully acquired and loaded
[    0.004000] APIC: Switch to symmetric I/O mode setup
[    0.004564] x2apic enabled
[    0.007900] Switched APIC routing to physical x2apic.
[    0.012000] ..TIMER: vector=0x30 apic1=0 pin1=2 apic2=-1 pin2=-1
[    0.012005] tsc: Detected 2305.900 MHz processor
[    0.016012] Calibrating delay loop (skipped) preset value.. 4611.80 BogoMIPS (lpj=9223600)
[    0.020004] pid_max: default: 32768 minimum: 301
[    0.024059] Security Framework initialized
[    0.026568] Yama: becoming mindful.
[    0.028058] AppArmor: AppArmor initialized
[    0.033324] Dentry cache hash table entries: 131072 (order: 8, 1048576 bytes)
[    0.036823] Inode-cache hash table entries: 65536 (order: 7, 524288 bytes)
[    0.040051] Mount-cache hash table entries: 2048 (order: 2, 16384 bytes)
[    0.044030] Mountpoint-cache hash table entries: 2048 (order: 2, 16384 bytes)
[    0.049464] Last level iTLB entries: 4KB 0, 2MB 0, 4MB 0
[    0.052005] Last level dTLB entries: 4KB 0, 2MB 0, 4MB 0, 1GB 0
[    0.056018] Spectre V1 : Mitigation: usercopy/swapgs barriers and __user pointer sanitization
[    0.060006] Spectre V2 : Mitigation: Retpolines
[    0.064005] Spectre V2 : Spectre v2 / SpectreRSB mitigation: Filling RSB on context switch
[    0.068006] Speculative Store Bypass: Vulnerable
[    0.072106] MDS: Mitigation: Clear CPU buffers
[    0.076002] MMIO Stale Data: Mitigation: Clear CPU buffers
[    0.079228] SRBDS: Unknown: Dependent on hypervisor status
[    0.080174] Freeing SMP alternatives memory: 36K
[    0.200007] APIC calibration not consistent with PM-Timer: 101ms instead of 100ms
[    0.204000] APIC delta adjusted to PM-Timer: 6261326 (6337347)
[    0.204225] smpboot: CPU0: Intel(R) Core(TM) i7-1068NG7 CPU @ 2.30GHz (family: 0x6, model: 0x7e, stepping: 0x5)
[    0.208262] Performance Events: unsupported p6 CPU model 126 no PMU driver, software events only.
[    0.212096] Hierarchical SRCU implementation.
[    0.216661] NMI watchdog: Perf event create on CPU 0 failed with -2
[    0.220004] NMI watchdog: Perf NMI watchdog permanently disabled
[    0.224332] smp: Bringing up secondary CPUs ...
[    0.228388] x86: Booting SMP configuration:
[    0.232004] .... node  #0, CPUs:      #1
[    0.004000] kvm-clock: cpu 1, msr 0:3ff44041, secondary cpu clock
[    0.240057] smp: Brought up 1 node, 2 CPUs
[    0.242579] smpboot: Max logical packages: 1
[    0.244007] smpboot: Total of 2 processors activated (9223.60 BogoMIPS)
[    0.248264] devtmpfs: initialized
[    0.252072] x86/mm: Memory block size: 128MB
[    0.255362] evm: security.selinux
[    0.256005] evm: security.SMACK64
[    0.258034] evm: security.SMACK64EXEC
[    0.260004] evm: security.SMACK64TRANSMUTE
[    0.264002] evm: security.SMACK64MMAP
[    0.266555] evm: security.apparmor
[    0.268006] evm: security.ima
[    0.270010] evm: security.capability
[    0.272156] clocksource: jiffies: mask: 0xffffffff max_cycles: 0xffffffff, max_idle_ns: 7645041785100000 ns
[    0.280020] futex hash table entries: 512 (order: 3, 32768 bytes)
[    0.283956] pinctrl core: initialized pinctrl subsystem
[    0.288187] RTC time: 16:05:33, date: 01/05/23
[    0.292063] NET: Registered protocol family 16
[    0.294747] audit: initializing netlink subsys (disabled)
[    0.296094] audit: type=2000 audit(1672934737.868:1): state=initialized audit_enabled=0 res=1
[    0.300036] cpuidle: using governor ladder
[    0.302449] cpuidle: using governor menu
[    0.304047] ACPI: bus type PCI registered
[    0.306567] acpiphp: ACPI Hot Plug PCI Controller Driver version: 0.5
[    0.308410] PCI: Using configuration type 1 for base access
[    0.316111] HugeTLB registered 2.00 MiB page size, pre-allocated 0 pages
[    0.320130] ACPI: Added _OSI(Module Device)
[    0.322866] ACPI: Added _OSI(Processor Device)
[    0.324000] ACPI: Added _OSI(3.0 _SCP Extensions)
[    0.324000] ACPI: Added _OSI(Processor Aggregator Device)
[    0.324019] ACPI: Added _OSI(Linux-Dell-Video)
[    0.326988] ACPI: Added _OSI(Linux-Lenovo-NV-HDMI-Audio)
[    0.328000] ACPI: Added _OSI(Linux-HPI-Hybrid-Graphics)
[    0.328640] ACPI: Executed 1 blocks of module-level executable AML code
[    0.332927] ACPI: Interpreter enabled
[    0.335554] ACPI: (supports S0 S5)
[    0.336000] ACPI: Using IOAPIC for interrupt routing
[    0.336000] PCI: Using host bridge windows from ACPI; if necessary, use "pci=nocrs" and report a bug
[    0.340465] ACPI: Enabled 2 GPEs in block 00 to 07
[    0.348820] ACPI: PCI Root Bridge [PCI0] (domain 0000 [bus 00-ff])
[    0.356013] acpi PNP0A03:00: _OSC: OS supports [ASPM ClockPM Segments MSI]
[    0.360000] acpi PNP0A03:00: _OSC: not requesting OS control; OS requires [ExtendedConfig ASPM ClockPM MSI]
[    0.364018] acpi PNP0A03:00: fail to add MMCONFIG information, can't access extended PCI configuration space under this bridge.
[    0.368644] PCI host bridge to bus 0000:00
[    0.371628] pci_bus 0000:00: root bus resource [io  0x0000-0x0cf7 window]
[    0.376008] pci_bus 0000:00: root bus resource [io  0x0d00-0xffff window]
[    0.384012] pci_bus 0000:00: root bus resource [mem 0x000a0000-0x000bffff window]
[    0.388007] pci_bus 0000:00: root bus resource [mem 0x40000000-0xfdffffff window]
[    0.396010] pci_bus 0000:00: root bus resource [bus 00-ff]
[    0.405980] pci 0000:00:01.1: legacy IDE quirk: reg 0x10: [io  0x01f0-0x01f7]
[    0.412008] pci 0000:00:01.1: legacy IDE quirk: reg 0x14: [io  0x03f6]
[    0.420010] pci 0000:00:01.1: legacy IDE quirk: reg 0x18: [io  0x0170-0x0177]
[    0.424008] pci 0000:00:01.1: legacy IDE quirk: reg 0x1c: [io  0x0376]
[    0.483034] pci 0000:00:07.0: quirk: [io  0x4000-0x403f] claimed by PIIX4 ACPI
[    0.484000] pci 0000:00:07.0: quirk: [io  0x4100-0x410f] claimed by PIIX4 SMB
[    0.509568] ACPI: PCI Interrupt Link [LNKA] (IRQs 5 9 10 *11)
[    0.516838] ACPI: PCI Interrupt Link [LNKB] (IRQs 5 9 *10 11)
[    0.520207] ACPI: PCI Interrupt Link [LNKC] (IRQs 5 *9 10 11)
[    0.524200] ACPI: PCI Interrupt Link [LNKD] (IRQs 5 9 10 *11)
[    0.528000] SCSI subsystem initialized
[    0.528079] pci 0000:00:02.0: vgaarb: setting as boot VGA device
[    0.531742] pci 0000:00:02.0: vgaarb: VGA device added: decodes=io+mem,owns=io+mem,locks=none
[    0.532007] pci 0000:00:02.0: vgaarb: bridge control possible
[    0.536004] vgaarb: loaded
[    0.538084] ACPI: bus type USB registered
[    0.540000] usbcore: registered new interface driver usbfs
[    0.540013] usbcore: registered new interface driver hub
[    0.544027] usbcore: registered new device driver usb
[    0.548077] EDAC MC: Ver: 3.0.0
[    0.552581] PCI: Using ACPI for IRQ routing
[    0.556674] NetLabel: Initializing
[    0.560002] NetLabel:  domain hash size = 128
[    0.564003] NetLabel:  protocols = UNLABELED CIPSOv4 CALIPSO
[    0.568087] NetLabel:  unlabeled traffic allowed by default
[    0.572091] clocksource: Switched to clocksource kvm-clock
[    0.595433] VFS: Disk quotas dquot_6.6.0
[    0.598418] VFS: Dquot-cache hash table entries: 512 (order 0, 4096 bytes)
[    0.602845] AppArmor: AppArmor Filesystem Enabled
[    0.607006] pnp: PnP ACPI init
[    0.611182] pnp: PnP ACPI: found 3 devices
[    0.620609] clocksource: acpi_pm: mask: 0xffffff max_cycles: 0xffffff, max_idle_ns: 2085701024 ns
[    0.626116] NET: Registered protocol family 2
[    0.629328] IP idents hash table entries: 16384 (order: 5, 131072 bytes)
[    0.633720] TCP established hash table entries: 8192 (order: 4, 65536 bytes)
[    0.637517] TCP bind hash table entries: 8192 (order: 5, 131072 bytes)
[    0.643673] TCP: Hash tables configured (established 8192 bind 8192)
[    0.647455] UDP hash table entries: 512 (order: 2, 16384 bytes)
[    0.653403] UDP-Lite hash table entries: 512 (order: 2, 16384 bytes)
[    0.657330] NET: Registered protocol family 1
[    0.662206] pci 0000:00:00.0: Limiting direct PCI/PCI transfers
[    0.666277] pci 0000:00:01.0: Activating ISA DMA hang workarounds
[    0.670194] pci 0000:00:02.0: Video device with shadowed ROM at [mem 0x000c0000-0x000dffff]
[    0.675724] Unpacking initramfs...
[    1.043716] Freeing initrd memory: 19532K
[    1.045883] clocksource: tsc: mask: 0xffffffffffffffff max_cycles: 0x213cfaa6607, max_idle_ns: 440795273264 ns
[    1.054406] platform rtc_cmos: registered platform RTC device (no PNP device found)
[    1.059272] Scanning for low memory corruption every 60 seconds
[    1.065177] Initialise system trusted keyrings
[    1.068250] Key type blacklist registered
[    1.071189] workingset: timestamp_bits=36 max_order=18 bucket_order=0
[    1.076440] zbud: loaded
[    1.079529] squashfs: version 4.0 (2009/01/31) Phillip Lougher
[    1.083920] fuse init (API version 7.26)
[    1.092399] Key type asymmetric registered
[    1.095130] Asymmetric key parser 'x509' registered
[    1.096391] Block layer SCSI generic (bsg) driver version 0.4 loaded (major 246)
[    1.103661] io scheduler noop registered
[    1.106531] io scheduler deadline registered
[    1.109454] io scheduler cfq registered (default)
[    1.113880] ACPI: AC Adapter [AC] (on-line)
[    1.116690] input: Power Button as /devices/LNXSYSTM:00/LNXPWRBN:00/input/input0
[    1.121415] ACPI: Power Button [PWRF]
[    1.124013] input: Sleep Button as /devices/LNXSYSTM:00/LNXSLPBN:00/input/input1
[    1.125326] ACPI: Sleep Button [SLPF]
[    1.133421] Serial: 8250/16550 driver, 32 ports, IRQ sharing enabled
[    1.135471] ACPI: Battery Slot [BAT0] (battery present)
[    1.167083] 00:02: ttyS0 at I/O 0x3f8 (irq = 4, base_baud = 115200) is a 16550A
[    1.173886] Linux agpgart interface v0.103
[    1.179966] loop: module loaded
[    1.183990] scsi host0: ata_piix
[    1.187112] scsi host1: ata_piix
[    1.189577] ata1: PATA max UDMA/33 cmd 0x1f0 ctl 0x3f6 bmdma 0xd000 irq 14
[    1.194539] ata2: PATA max UDMA/33 cmd 0x170 ctl 0x376 bmdma 0xd008 irq 15
[    1.200963] tun: Universal TUN/TAP device driver, 1.6
[    1.204567] PPP generic driver version 2.4.2
[    1.207553] ehci_hcd: USB 2.0 'Enhanced' Host Controller (EHCI) Driver
[    1.212438] ehci-pci: EHCI PCI platform driver
[    1.215807] ehci-platform: EHCI generic platform driver
[    1.216375] ohci_hcd: USB 1.1 'Open' Host Controller (OHCI) Driver
[    1.225404] ohci-pci: OHCI PCI platform driver
[    1.229191] ohci-platform: OHCI generic platform driver
[    1.234549] uhci_hcd: USB Universal Host Controller Interface driver
[    1.238190] i8042: PNP: PS/2 Controller [PNP0303:PS2K,PNP0f03:PS2M] at 0x60,0x64 irq 1,12
[    1.250616] serio: i8042 KBD port at 0x60,0x64 irq 1
[    1.253192] serio: i8042 AUX port at 0x60,0x64 irq 12
[    1.253192] mousedev: PS/2 mouse device common for all mice
[    1.264798] input: AT Translated Set 2 keyboard as /devices/platform/i8042/serio0/input/input2
[    1.272033] rtc_cmos rtc_cmos: rtc core: registered rtc_cmos as rtc0
[    1.276444] rtc_cmos rtc_cmos: alarms up to one day, 114 bytes nvram
[    1.280184] i2c /dev entries driver
[    1.283329] device-mapper: uevent: version 1.0.3
[    1.286796] device-mapper: ioctl: 4.37.0-ioctl (2017-09-20) initialised: dm-devel@redhat.com
[    1.292087] ledtrig-cpu: registered to indicate activity on CPUs
[    1.298231] NET: Registered protocol family 10
[    1.307617] Segment Routing with IPv6
[    1.310405] NET: Registered protocol family 17
[    1.313631] Key type dns_resolver registered
[    1.316756] mce: Using 0 MCE banks
[    1.319408] RAS: Correctable Errors collector initialized.
[    1.323269] sched_clock: Marking stable (1323224163, 0)->(1819119128, -495894965)
[    1.329526] registered taskstats version 1
[    1.332319] Loading compiled-in X.509 certificates
[    1.338882] Loaded X.509 cert 'Build time autogenerated kernel key: 29e5beaa583364da097e68c9386761f80dbce7ef'
[    1.345643] Loaded X.509 cert 'Canonical Ltd. Live Patch Signing: 14df34d1a87cf37625abec039ef2bf521249b969'
[    1.351797] Loaded X.509 cert 'Canonical Ltd. Kernel Module Signing: 88f752e560a1e0737e31163a466ad7b70a850c19'
[    1.358382] blacklist: Loading compiled-in revocation X.509 certificates
[    1.371093] Loaded X.509 cert 'Canonical Ltd. Secure Boot Signing: 61482aa2830d0ab2ad5af10b7250da9033ddcef0'
[    1.377908] zswap: loaded using pool lzo/zbud
[    1.423103] Key type big_key registered
[    1.425637] Key type trusted registered
[    1.430430] Key type encrypted registered
[    1.432871] AppArmor: AppArmor sha1 policy hashing enabled
[    1.436056] ima: No TPM chip found, activating TPM-bypass! (rc=-19)
[    1.439670] ima: Allocated hash algorithm: sha1
[    1.442508] evm: HMAC attrs: 0x1
[    1.445384]   Magic number: 7:553:84
[    1.448232] rtc_cmos rtc_cmos: setting system clock to 2023-01-05 16:05:34 UTC (1672934734)
[    1.453913] BIOS EDD facility v0.16 2004-Jun-25, 0 devices found
[    1.457497] EDD information not available.
[    1.462145] Freeing unused kernel image memory: 2472K
[    1.488456] Write protecting the kernel read-only data: 20480k
[    1.494734] Freeing unused kernel image memory: 2008K
[    1.499287] Freeing unused kernel image memory: 1824K
[    1.508543] x86/mm: Checked W+X mappings: passed, no W+X pages found.
[    1.513324] x86/mm: Checking user space page tables
[    1.520651] x86/mm: Checked W+X mappings: passed, no W+X pages found.
Loading, please wait...
starting version 237
[    1.603730] e1000: Intel(R) PRO/1000 Network Driver - version 7.3.21-k8-NAPI
[    1.609214] e1000: Copyright (c) 1999-2006 Intel Corporation.
[    1.615679] Fusion MPT base driver 3.04.20
[    1.619202] Copyright (c) 1999-2008 LSI Corporation
[    1.628306] Fusion MPT SPI Host driver 3.04.20
[    1.635844] mptbase: ioc0: Initiating bringup
[    1.652387] AVX2 version of gcm_enc/dec engaged.
[    1.655456] AES CTR mode by8 optimization enabled
[    1.754973] ioc0: LSI53C1030 A0: Capabilities={Initiator}
[    1.869379] input: ImExPS/2 Generic Explorer Mouse as /devices/platform/i8042/serio1/input/input4
[    2.015087] scsi host2: ioc0: LSI53C1030 A0, FwRev=00000000h, Ports=1, MaxQ=256, IRQ=20
[    2.190638] scsi 2:0:0:0: Direct-Access     VBOX     HARDDISK         1.0  PQ: 0 ANSI: 5
[    2.242514] scsi target2:0:0: Beginning Domain Validation
[    2.261770] scsi target2:0:0: Domain Validation skipping write tests
[    2.265688] scsi target2:0:0: Ending Domain Validation
[    2.280922] scsi target2:0:0: asynchronous
[    2.284100] scsi 2:0:1:0: Direct-Access     VBOX     HARDDISK         1.0  PQ: 0 ANSI: 5
[    2.324243] scsi target2:0:1: Beginning Domain Validation
[    2.331178] scsi target2:0:1: Domain Validation skipping write tests
[    2.335721] scsi target2:0:1: Ending Domain Validation
[    2.339365] scsi target2:0:1: asynchronous
[    2.350090] sd 2:0:0:0: Attached scsi generic sg0 type 0
[    2.351412] sd 2:0:0:0: [sda] 83886080 512-byte logical blocks: (42.9 GB/40.0 GiB)
[    2.354003] sd 2:0:1:0: Attached scsi generic sg1 type 0
[    2.366472] sd 2:0:1:0: [sdb] 20480 512-byte logical blocks: (10.5 MB/10.0 MiB)
[    2.371313] sd 2:0:0:0: [sda] Write Protect is off
[    2.375061] sd 2:0:1:0: [sdb] Write Protect is off
[    2.378831] sd 2:0:1:0: [sdb] Incomplete mode parameter data
[    2.382597] sd 2:0:1:0: [sdb] Assuming drive cache: write through
[    2.386760] sd 2:0:0:0: [sda] Incomplete mode parameter data
[    2.391003] sd 2:0:0:0: [sda] Assuming drive cache: write through
[    2.398912]  sda: sda1
[    2.402161] sd 2:0:1:0: [sdb] Attached SCSI disk
[    2.407828] sd 2:0:0:0: [sda] Attached SCSI disk
[    2.757518] e1000 0000:00:03.0 eth0: (PCI:33MHz:32-bit) 02:40:49:ac:f0:20
[    2.761704] e1000 0000:00:03.0 eth0: Intel(R) PRO/1000 Network Connection
[    3.243205] e1000 0000:00:08.0 eth1: (PCI:33MHz:32-bit) 08:00:27:cf:89:e6
[    3.247507] e1000 0000:00:08.0 eth1: Intel(R) PRO/1000 Network Connection
[    3.253694] e1000 0000:00:03.0 enp0s3: renamed from eth0
[    3.268824] e1000 0000:00:08.0 enp0s8: renamed from eth1
Begin: Loading essential drivers ... [    5.492801] raid6: sse2x1   gen() 11394 MB/s
[    5.544977] raid6: sse2x1   xor()  6404 MB/s
[    5.596694] raid6: sse2x2   gen() 14252 MB/s
[    5.648262] raid6: sse2x2   xor()  9662 MB/s
[    5.700684] raid6: sse2x4   gen() 14184 MB/s
[    5.760826] raid6: sse2x4   xor()  7535 MB/s
[    5.820296] raid6: avx2x1   gen() 17400 MB/s
[    5.880117] raid6: avx2x1   xor() 15143 MB/s
[    5.928812] raid6: avx2x2   gen() 32544 MB/s
[    5.980788] raid6: avx2x2   xor() 20830 MB/s
[    6.032051] raid6: avx2x4   gen() 28295 MB/s
[    6.080046] raid6: avx2x4   xor() 18264 MB/s
[    6.083074] raid6: using algorithm avx2x2 gen() 32544 MB/s
[    6.086600] raid6: .... xor() 20830 MB/s, rmw enabled
[    6.089670] raid6: using avx2x2 recovery algorithm
[    6.094423] xor: automatically using best checksumming function   avx       
[    6.100991] async_tx: api initialized (async)
done.
Begin: Running /scripts/init-premount ... done.
Begin: Mounting root file system ... Begin: Running /scripts/local-top ... done.
Begin: Running /scripts/local-premount ... [    6.156647] Btrfs loaded, crc32c=crc32c-intel
Scanning for Btrfs filesystems
done.
Warning: fsck not present, so skipping root file system
[    6.200185] EXT4-fs (sda1): mounted filesystem with ordered data mode. Opts: (null)
done.
Begin: Running /scripts/local-bottom ... done.
Begin: Running /scripts/init-bottom ... done.
[    6.401020] ip_tables: (C) 2000-2006 Netfilter Core Team
[    6.417220] systemd[1]: systemd 237 running in system mode. (+PAM +AUDIT +SELINUX +IMA +APPARMOR +SMACK +SYSVINIT +UTMP +LIBCRYPTSETUP +GCRYPT +GNUTLS +ACL +XZ +LZ4 +SECCOMP +BLKID +ELFUTILS +KMOD -IDN2 +IDN -PCRE2 default-hierarchy=hybrid)
[    6.430246] systemd[1]: Detected virtualization oracle.
[    6.433606] systemd[1]: Detected architecture x86-64.

Welcome to [1mUbuntu 18.04.6 LTS[0m!

[    6.452565] systemd[1]: Set hostname to <ubuntu-bionic>.
[    6.762949] systemd[1]: Reached target Swap.
[[0;32m  OK  [0m] Reached target Swap.
[    6.772127] systemd[1]: Created slice System Slice.
[[0;32m  OK  [0m] Created slice System Slice.
[    6.776424] systemd[1]: Listening on Network Service Netlink Socket.
[[0;32m  OK  [0m] Listening on Network Service Netlink Socket.
[    6.781893] systemd[1]: Listening on udev Kernel Socket.
[[0;32m  OK  [0m] Listening on udev Kernel Socket.
[    6.787299] systemd[1]: Started Forward Password Requests to Wall Directory Watch.
[[0;32m  OK  [0m] Started Forward Password Requests to Wall Directory Watch.
[    6.793934] systemd[1]: Listening on Journal Audit Socket.
[[0;32m  OK  [0m] Listening on Journal Audit Socket.
[[0;32m  OK  [0m] Set up automount Arbitrary Executab…rmats File System Automount Point.
[[0;32m  OK  [0m] Listening on Journal Socket.
         Starting Load Kernel Modules...
         Mounting Kernel Debug File System...
[[0;32m  OK  [0m] Listening on Device-mapper event daemon FIFOs.
[[0;32m  OK  [0m] Reached target User and Group Name Lookups.
[[0;32m  OK  [0m] Listening on LVM2 metadata daemon socket.
         Starting Monitoring of LVM2 mirrors…ng dmeventd or progress polling...
[[0;32m  OK  [0m] Listening on fsck to fsckd communication Socket.
         Starting File System Check on Root Device...
[[0;32m  OK  [0m] Listening on Journal Socket (/dev/log).
         Starting Set the console keyboard layout...
[    6.830844] Loading iSCSI transport class v2.0-870.
[[0;32m  OK  [0m] Listening on Syslog Socket.
         Starting Journal Service...
[[0;32m  OK  [0m] Listening on udev Control Socket.
         Starting udev Coldplug all Devices...
[[0;32m  OK  [0m] Created slice system-serial\x2dgetty.slice.
[[0;32m  OK  [0m] Listening on /dev/initctl Compatibility Named Pipe.
         Starting Create list of required st…ce nodes for the current kernel...
[[0;32m  OK  [0m] Reached target System Time Synchronized.
         Mounting POSIX Message Queue File System...
[[0;32m  OK  [0m] Listening on LVM2 poll daemon socket.
         Starting Uncomplicated firewall...
         Mounting Huge Pages File System...
[    6.904639] iscsi: registered transport (tcp)
[    6.925950] iscsi: registered transport (iser)
[[0;32m  OK  [0m] Created slice User and Session Slice.
[[0;32m  OK  [0m] Reached target Slices.
[[0;32m  OK  [0m] Started Journal Service.
[[0;32m  OK  [0m] Started Load Kernel Modules.
[[0;32m  OK  [0m] Mounted Kernel Debug File System.
[[0;32m  OK  [0m] Started Create list of required sta…vice nodes for the current kernel.
[[0;32m  OK  [0m] Mounted POSIX Message Queue File System.
[[0;32m  OK  [0m] Started Uncomplicated firewall.
[[0;32m  OK  [0m] Mounted Huge Pages File System.
[[0;32m  OK  [0m] Started LVM2 metadata daemon.
[[0;32m  OK  [0m] Started File System Check Daemon to report status.
         Starting Create Static Device Nodes in /dev...
         Starting Apply Kernel Variables...
         Mounting FUSE Control File System...
         Mounting Kernel Configuration File System...
[[0;32m  OK  [0m] Mounted FUSE Control File System.
[[0;32m  OK  [0m] Mounted Kernel Configuration File System.
[[0;32m  OK  [0m] Started File System Check on Root Device.
         Starting Remount Root and Kernel File Systems...
[[0;32m  OK  [0m] Started udev Coldplug all Devices.
[[0;32m  OK  [0m] Started Create Static Device Nodes in /dev.
[[0;32m  OK  [0m] Started Monitoring of LVM2 mirrors,…sing dmeventd or progress polling.
[[0;32m  OK  [0m] Started Apply Kernel Variables.
[[0;32m  OK  [0m] Started Remount Root and Kernel File Systems.
         Starting udev Kernel Device Manager...
         Starting Flush Journal to Persistent Storage...
         Starting Load/Save Random Seed...
[[0;32m  OK  [0m] Started Set the console keyboard layout.
[[0;32m  OK  [0m] Reached target Local File Systems (Pre).
[[0;32m  OK  [0m] Reached target Local File Systems.
         Starting Tell Plymouth To Write Out Runtime Data...
         Starting ebtables ruleset management...
         Starting Set console font and keymap...
         Starting AppArmor initialization...
[[0;32m  OK  [0m] Started Load/Save Random Seed.
[[0;32m  OK  [0m] Started udev Kernel Device Manager.
[[0;32m  OK  [0m] Started Dispatch Password Requests to Console Directory Watch.
[[0;32m  OK  [0m] Reached target Local Encrypted Volumes.
[[0;32m  OK  [0m] Started Tell Plymouth To Write Out Runtime Data.
[[0;32m  OK  [0m] Started Set console font and keymap.
[[0;32m  OK  [0m] Started Flush Journal to Persistent Storage.
         Starting Create Volatile Files and Directories...
[[0;32m  OK  [0m] Started Create Volatile Files and Directories.
[[0;32m  OK  [0m] Started ebtables ruleset management.
         Starting Update UTMP about System Boot/Shutdown...
[[0;32m  OK  [0m] Started Update UTMP about System Boot/Shutdown.
[[0;32m  OK  [0m] Found device /dev/ttyS0.
[[0;32m  OK  [0m] Listening on Load/Save RF Kill Switch Status /dev/rfkill Watch.
[[0;32m  OK  [0m] Started AppArmor initialization.
         Starting Initial cloud-init job (pre-networking)...
         Starting Load AppArmor profiles managed internally by snapd...
         Mounting Arbitrary Executable File Formats File System...
[[0;32m  OK  [0m] Mounted Arbitrary Executable File Formats File System.
[[0;32m  OK  [0m] Started Load AppArmor profiles managed internally by snapd.
[    8.962560] cloud-init[566]: Cloud-init v. 22.4.2-0ubuntu0~18.04.1 running 'init-local' at Thu, 05 Jan 2023 16:05:41 +0000. Up 8.78 seconds.
[[0;32m  OK  [0m] Started Initial cloud-init job (pre-networking).
[[0;32m  OK  [0m] Reached target Network (Pre).
         Starting Network Service...
[[0;32m  OK  [0m] Started Network Service.
         Starting Network Name Resolution...
         Starting Wait for Network to be Configured...
[[0;32m  OK  [0m] Started Network Name Resolution.
[[0;32m  OK  [0m] Reached target Host and Network Name Lookups.
[[0;32m  OK  [0m] Reached target Network.
[[0;32m  OK  [0m] Started Wait for Network to be Configured.
         Starting Initial cloud-init job (metadata service crawler)...
[   10.992542] cloud-init[691]: Cloud-init v. 22.4.2-0ubuntu0~18.04.1 running 'init' at Thu, 05 Jan 2023 16:05:43 +0000. Up 10.86 seconds.
[   10.997359] cloud-init[691]: ci-info: ++++++++++++++++++++++++++++++++++++++Net device info+++++++++++++++++++++++++++++++++++++++
[   11.001310] cloud-init[691]: ci-info: +--------+------+-----------------------------+---------------+--------+-------------------+
[   11.004937] cloud-init[691]: ci-info: | Device |  Up  |           Address           |      Mask     | Scope  |     Hw-Address    |
[   11.008367] cloud-init[691]: ci-info: +--------+------+-----------------------------+---------------+--------+-------------------+
[   11.011484] cloud-init[691]: ci-info: | enp0s3 | True |          10.0.2.15          | 255.255.255.0 | global | 02:40:49:ac:f0:20 |
[   11.014601] cloud-init[691]: ci-info: | enp0s3 | True |  fe80::40:49ff:feac:f020/64 |       .       |  link  | 02:40:49:ac:f0:20 |
[   11.017678] cloud-init[691]: ci-info: | enp0s8 | True |        192.168.56.100       | 255.255.255.0 | global | 08:00:27:cf:89:e6 |
[   11.021055] cloud-init[691]: ci-info: | enp0s8 | True | fe80::a00:27ff:fecf:89e6/64 |       .       |  link  | 08:00:27:cf:89:e6 |
[   11.024335] cloud-init[691]: ci-info: |   lo   | True |          127.0.0.1          |   255.0.0.0   |  host  |         .         |
[   11.027653] cloud-init[691]: ci-info: |   lo   | True |           ::1/128           |       .       |  host  |         .         |
[   11.031074] cloud-init[691]: ci-info: +--------+------+-----------------------------+---------------+--------+-------------------+
[   11.034119] cloud-init[691]: ci-info: +++++++++++++++++++++++++++++Route IPv4 info+++++++++++++++++++++++++++++
[   11.037327] cloud-init[691]: ci-info: +-------+--------------+----------+-----------------+-----------+-------+
[   11.040372] cloud-init[691]: ci-info: | Route | Destination  | Gateway  |     Genmask     | Interface | Flags |
[   11.043055] cloud-init[691]: ci-info: +-------+--------------+----------+-----------------+-----------+-------+
[   11.045656] cloud-init[691]: ci-info: |   0   |   0.0.0.0    | 10.0.2.2 |     0.0.0.0     |   enp0s3  |   UG  |
[   11.048320] cloud-init[691]: ci-info: |   1   |   10.0.2.0   | 0.0.0.0  |  255.255.255.0  |   enp0s3  |   U   |
[   11.051030] cloud-init[691]: ci-info: |   2   |   10.0.2.2   | 0.0.0.0  | 255.255.255.255 |   enp0s3  |   UH  |
[   11.053985] cloud-init[691]: ci-info: |   3   | 192.168.56.0 | 0.0.0.0  |  255.255.255.0  |   enp0s8  |   U   |
[   11.056826] cloud-init[691]: ci-info: +-------+--------------+----------+-----------------+-----------+-------+
[   11.059487] cloud-init[691]: ci-info: +++++++++++++++++++Route IPv6 info+++++++++++++++++++
[   11.062161] cloud-init[691]: ci-info: +-------+-------------+---------+-----------+-------+
[   11.064534] cloud-init[691]: ci-info: | Route | Destination | Gateway | Interface | Flags |
[   11.066759] cloud-init[691]: ci-info: +-------+-------------+---------+-----------+-------+
[   11.069265] cloud-init[691]: ci-info: |   1   |  fe80::/64  |    ::   |   enp0s8  |   U   |
[   11.075050] cloud-init[691]: ci-info: |   2   |  fe80::/64  |    ::   |   enp0s3  |   U   |
[   11.078396] cloud-init[691]: ci-info: |   4   |    local    |    ::   |   enp0s3  |   U   |
[   11.081889] cloud-init[691]: ci-info: |   5   |    local    |    ::   |   enp0s8  |   U   |
[   11.085737] cloud-init[691]: ci-info: |   6   |   ff00::/8  |    ::   |   enp0s8  |   U   |
[   11.089456] cloud-init[691]: ci-info: |   7   |   ff00::/8  |    ::   |   enp0s3  |   U   |
[   11.093300] cloud-init[691]: ci-info: +-------+-------------+---------+-----------+-------+
[[0;32m  OK  [0m] Started Initial cloud-init job (metadata service crawler).
[[0;32m  OK  [0m] Reached target System Initialization.
[[0;32m  OK  [0m] Listening on ACPID Listen Socket.
[[0;32m  OK  [0m] Listening on Open-iSCSI iscsid Socket.
[[0;32m  OK  [0m] Started Daily apt download activities.
[[0;32m  OK  [0m] Started Daily Cleanup of Temporary Directories.
         Starting LXD - unix socket.
[[0;32m  OK  [0m] Listening on UUID daemon activation socket.
[[0;32m  OK  [0m] Started Daily apt upgrade and clean activities.
         Starting Docker Socket for the API.
[[0;32m  OK  [0m] Listening on cloud-init hotplug hook socket.
[[0;32m  OK  [0m] Started ACPI Events Check.
[[0;32m  OK  [0m] Reached target Paths.
[[0;32m  OK  [0m] Started Discard unused blocks once a week.
[[0;32m  OK  [0m] Started Message of the Day.
         Starting Socket activation for snappy daemon.
[[0;32m  OK  [0m] Listening on D-Bus System Message Bus Socket.
[[0;32m  OK  [0m] Started Ubuntu Advantage Timer for running repeated jobs.
[[0;32m  OK  [0m] Reached target Timers.
[[0;32m  OK  [0m] Reached target Network is Online.
         Starting Availability of block devices...
[[0;32m  OK  [0m] Reached target Remote File Systems (Pre).
         Mounting /vagrant...
[[0;32m  OK  [0m] Reached target Cloud-config availability.
[[0;32m  OK  [0m] Listening on LXD - unix socket.
[[0;32m  OK  [0m] Listening on Docker Socket for the API.
[[0;32m  OK  [0m] Listening on Socket activation for snappy daemon.
[[0;32m  OK  [0m] Reached target Sockets.
[[0;32m  OK  [0m] Reached target Basic System.
         Starting Dispatcher daemon for systemd-networkd...
         Starting Message of the Day...
         Starting LSB: Record successful boot for GRUB...
         Starting Accounts Service...
         Starting containerd container runtime...
         Starting LXD - container startup/shutdown...
         Starting Login Service...
         Starting System Logging Service...
[[0;32m  OK  [0m] Reached target Login Prompts (Pre).
         Starting OpenBSD Secure Shell server...
[[0;32m  OK  [0m] Started D-Bus System Message Bus.
[[0;32m  OK  [0m] Started Login Service.
[[0;32m  OK  [0m] Started Unattended Upgrades Shutdown.
[[0;32m  OK  [0m] Started FUSE filesystem for LXC.
[[0;32m  OK  [0m] Started irqbalance daemon.
         Starting Ubuntu FAN network setup...
         Starting Virtualbox guest utils...
[[0;32m  OK  [0m] Started Regular background program processing daemon.
         Starting Snap Daemon...
[[0;32m  OK  [0m] Started Deferred execution scheduler.
[[0;32m  OK  [0m] Started System Logging Service.
[[0;32m  OK  [0m] Started Availability of block devices.
[[0;32m  OK  [0m] Mounted /vagrant.
[[0;32m  OK  [0m] Started OpenBSD Secure Shell server.
[[0;32m  OK  [0m] Started Dispatcher daemon for systemd-networkd.
         Starting Authorization Manager...
[[0;32m  OK  [0m] Reached target Remote File Systems.
         Starting LSB: automatic crash report generation...
         Starting Permit User Sessions...
[[0;32m  OK  [0m] Started Permit User Sessions.
         Starting Terminate Plymouth Boot Screen...
         Starting Hold until boot process finishes up...
[[0;32m  OK  [0m] Started Hold until boot process finishes up.
         Starting Set console scheme...
[[0;32m  OK  [0m] Started Serial Getty on ttyS0.
[[0;32m  OK  [0m] Started Terminate Plymouth Boot Screen.
[[0;32m  OK  [0m] Started LXD - container startup/shutdown.
[[0;32m  OK  [0m] Started LSB: Record successful boot for GRUB.
[[0;32m  OK  [0m] Started Set console scheme.
[[0;32m  OK  [0m] Created slice system-getty.slice.
[[0;32m  OK  [0m] Started Getty on tty1.
[[0;32m  OK  [0m] Reached target Login Prompts.
[[0;32m  OK  [0m] Started Authorization Manager.
[[0;32m  OK  [0m] Started Accounts Service.
[[0;32m  OK  [0m] Started Virtualbox guest utils.
[[0;32m  OK  [0m] Started LSB: automatic crash report generation.
[[0;32m  OK  [0m] Created slice User Slice of vagrant.
         Starting User Manager for UID 1000...
[[0;32m  OK  [0m] Started Session 1 of user vagrant.
[[0;32m  OK  [0m] Started Ubuntu FAN network setup.
[[0;32m  OK  [0m] Started User Manager for UID 1000.
[[0;32m  OK  [0m] Started containerd container runtime.
         Starting Docker Application Container Engine...
[[0;32m  OK  [0m] Started Snap Daemon.
         Starting Wait until snapd is fully seeded...
         Starting Time & Date Service...
[[0;32m  OK  [0m] Started Time & Date Service.
[[0;32m  OK  [0m] Started Wait until snapd is fully seeded.
         Starting Apply the settings specified in cloud-config...
[[0;32m  OK  [0m] Started Message of the Day.
[   14.366248] cloud-init[1459]: Cloud-init v. 22.4.2-0ubuntu0~18.04.1 running 'modules:config' at Thu, 05 Jan 2023 16:05:47 +0000. Up 14.24 seconds.
[[0;32m  OK  [0m] Started Apply the settings specified in cloud-config.
[[0;32m  OK  [0m] Started Docker Application Container Engine.
[[0;32m  OK  [0m] Reached target Multi-User System.
[[0;32m  OK  [0m] Reached target Graphical Interface.
         Starting Update UTMP about System Runlevel Changes...
         Starting Execute cloud user/final scripts...
[[0;32m  OK  [0m] Started Update UTMP about System Runlevel Changes.
[   16.603724] cloud-init[1791]: Cloud-init v. 22.4.2-0ubuntu0~18.04.1 running 'modules:final' at Thu, 05 Jan 2023 16:05:49 +0000. Up 16.46 seconds.
[   16.608540] cloud-init[1791]: Cloud-init v. 22.4.2-0ubuntu0~18.04.1 finished at Thu, 05 Jan 2023 16:05:49 +0000. Datasource DataSourceNoCloud [seed=/dev/sdb][dsmode=net].  Up 16.59 seconds
[[0;32m  OK  [0m] Started Execute cloud user/final scripts.
[[0;32m  OK  [0m] Reached target Cloud-init target.
         Starting Daily apt download activities...

Ubuntu 18.04.6 LTS ubuntu-bionic ttyS0

ubuntu-bionic login: [ 1769.991325] INFO: rcu_sched detected stalls on CPUs/tasks:
[ 1770.011299] 	1-...!: (0 ticks this GP) idle=488/0/0 softirq=21917/21917 fqs=0 
[ 1770.051671] 	(detected by 0, t=15099 jiffies, g=4996, c=4995, q=34)
[ 1893.339365] INFO: rcu_sched detected stalls on CPUs/tasks:
[ 1893.358121] 	0-...!: (0 ticks this GP) idle=424/0/0 softirq=22423/22423 fqs=0 
[ 1893.388095] 	(detected by 1, t=15047 jiffies, g=5006, c=5005, q=257)
[ 2097.888422] INFO: rcu_sched detected stalls on CPUs/tasks:
[ 2097.923348] 	0-...!: (0 ticks this GP) idle=ae8/0/0 softirq=22511/22511 fqs=0 
[ 2097.962155] 	(detected by 1, t=17170 jiffies, g=5041, c=5040, q=30)
[ 2213.645449] INFO: rcu_sched detected stalls on CPUs/tasks:
[ 2213.683782] 	1-...!: (1 GPs behind) idle=9d2/1/0 softirq=22084/22085 fqs=0 
[ 2213.724179] 	(detected by 1, t=0 jiffies, g=5053, c=5052, q=324)
[ 2495.563337] INFO: rcu_sched detected stalls on CPUs/tasks:
[ 2495.597114] 	0-...!: (0 ticks this GP) idle=a64/0/0 softirq=22672/22672 fqs=0 
[ 2495.632514] 	(detected by 1, t=15481 jiffies, g=5103, c=5102, q=276)
[ 2495.651040] rcu_sched kthread starved for 15481 jiffies! g5103 c5102 f0x0 RCU_GP_WAIT_FQS(3) ->state=0x402 ->cpu=0
[ 2598.608586] INFO: rcu_sched detected stalls on CPUs/tasks:
[ 2598.626174] 	0-...!: (0 ticks this GP) idle=cc0/0/0 softirq=22706/22706 fqs=0 
[ 2598.667940] 	(detected by 1, t=15258 jiffies, g=5120, c=5119, q=224)
[ 3581.360027] INFO: rcu_sched detected stalls on CPUs/tasks:
[ 3581.400793] 	0-...!: (0 ticks this GP) idle=144/0/0 softirq=23547/23547 fqs=0 
[ 3581.440860] 	(detected by 1, t=15121 jiffies, g=5461, c=5460, q=272)
[ 3581.461229] rcu_sched kthread starved for 15121 jiffies! g5461 c5460 f0x0 RCU_GP_WAIT_FQS(3) ->state=0x402 ->cpu=0
[ 3672.370531] INFO: rcu_sched detected stalls on CPUs/tasks:
[ 3672.387146] 	(detected by 1, t=15353 jiffies, g=5470, c=5469, q=93)
[ 3672.431522] INFO: Stall ended before state dump start
[ 4408.981458] INFO: rcu_sched detected stalls on CPUs/tasks:
[ 4409.021982] 	0-...!: (0 ticks this GP) idle=75c/0/0 softirq=23941/23941 fqs=0 
[ 4409.064181] 	(detected by 1, t=16947 jiffies, g=5650, c=5649, q=77)
[ 4957.871998] INFO: rcu_sched detected stalls on CPUs/tasks:
[ 4957.908054] 	0-...!: (0 ticks this GP) idle=570/0/0 softirq=24425/24425 fqs=0 
[ 4957.925977] 	(detected by 1, t=16215 jiffies, g=5786, c=5785, q=16)
[ 4957.960459] rcu_sched kthread starved for 16215 jiffies! g5786 c5785 f0x0 RCU_GP_WAIT_FQS(3) ->state=0x402 ->cpu=0
[ 5271.550628] INFO: rcu_sched detected stalls on CPUs/tasks:
[ 5271.569800] 	0-...!: (0 ticks this GP) idle=75c/0/0 softirq=24580/24580 fqs=0 
[ 5271.613602] 	(detected by 1, t=17301 jiffies, g=5855, c=5854, q=87)
[ 5433.816974] INFO: rcu_sched detected stalls on CPUs/tasks:
[ 5433.830661] 	0-...!: (0 ticks this GP) idle=f6e/140000000000000/0 softirq=24657/24657 fqs=0 
[ 5433.877753] 	1-...!: (1 GPs behind) idle=f4e/1/0 softirq=23980/23981 fqs=0 
[ 5433.919561] 	(detected by 1, t=0 jiffies, g=5898, c=5897, q=278)
[ 5863.265797] INFO: rcu_sched detected stalls on CPUs/tasks:
[ 5863.281927] 	0-...!: (0 ticks this GP) idle=60c/0/0 softirq=24815/24815 fqs=0 
[ 5863.366182] 	(detected by 1, t=15620 jiffies, g=5980, c=5979, q=61)
[ 6256.897006] INFO: rcu_sched detected stalls on CPUs/tasks:
[ 6257.007625] 	0-...!: (0 ticks this GP) idle=efa/140000000000000/0 softirq=25023/25023 fqs=0 
[ 6257.101528] 	1-...!: (1 GPs behind) idle=0ee/1/0 softirq=24555/24556 fqs=0 
[ 6257.155456] 	(detected by 1, t=0 jiffies, g=6086, c=6085, q=268)
[ 7353.553642] watchdog: BUG: soft lockup - CPU#0 stuck for 21s! [swapper/0:0]
[ 7421.979754] INFO: rcu_sched detected stalls on CPUs/tasks:
[ 7421.993817] 	1-...!: (0 ticks this GP) idle=040/0/0 softirq=25022/25022 fqs=0 
[ 7422.046579] 	(detected by 0, t=15601 jiffies, g=6303, c=6302, q=9)
[ 7763.352310] INFO: rcu_sched detected stalls on CPUs/tasks:
[ 7763.399002] 	0-...!: (0 ticks this GP) idle=62e/140000000000000/0 softirq=25734/25734 fqs=0 
[ 7763.460292] 	1-...!: (1 GPs behind) idle=f1a/1/0 softirq=25172/25173 fqs=0 
[ 7763.550050] 	(detected by 1, t=0 jiffies, g=6363, c=6362, q=122)
[ 8341.923474] INFO: rcu_sched detected stalls on CPUs/tasks:
[ 8341.975883] 	0-...!: (1 GPs behind) idle=ca2/1/0 softirq=26177/26178 fqs=0 
[ 8342.027348] 	(detected by 0, t=0 jiffies, g=6514, c=6513, q=568)
[ 8515.590822] INFO: rcu_sched detected stalls on CPUs/tasks:
[ 8515.638453] 	0-...!: (1 GPs behind) idle=522/1/0 softirq=26593/26594 fqs=0 
[ 8515.688884] 	1-...!: (0 ticks this GP) idle=876/140000000000000/0 softirq=25740/25740 fqs=0 
[ 8515.777688] 	(detected by 0, t=0 jiffies, g=6572, c=6571, q=271)
